  CollisionManager.cpp
C:\Users\Owner\Documents\George Brown\Game Production\BombsAwayRepo\BombsAway\src\Game.h(32,32): warning C4244: 'initializing': conversion from 'float' to 'int', possible loss of data
C:\Users\Owner\Documents\George Brown\Game Production\BombsAwayRepo\BombsAway\src\CollisionManager.cpp(8,15): warning C4244: 'initializing': conversion from 'T' to 'int', possible loss of data
          with
          [
              T=float
          ]
C:\Users\Owner\Documents\George Brown\Game Production\BombsAwayRepo\BombsAway\src\CollisionManager.cpp(9,15): warning C4244: 'initializing': conversion from 'T' to 'int', possible loss of data
          with
          [
              T=float
          ]
C:\Users\Owner\Documents\George Brown\Game Production\BombsAwayRepo\BombsAway\src\CollisionManager.cpp(182,14): warning C4244: 'initializing': conversion from 'T' to 'int', possible loss of data
          with
          [
              T=float
          ]
C:\Users\Owner\Documents\George Brown\Game Production\BombsAwayRepo\BombsAway\src\CollisionManager.cpp(183,15): warning C4244: 'initializing': conversion from 'T' to 'int', possible loss of data
          with
          [
              T=float
          ]
C:\Users\Owner\Documents\George Brown\Game Production\BombsAwayRepo\BombsAway\src\CollisionManager.cpp(184,13): warning C4244: 'initializing': conversion from 'T' to 'int', possible loss of data
          with
          [
              T=float
          ]
C:\Users\Owner\Documents\George Brown\Game Production\BombsAwayRepo\BombsAway\src\CollisionManager.cpp(185,16): warning C4244: 'initializing': conversion from 'T' to 'int', possible loss of data
          with
          [
              T=float
          ]
  Template.vcxproj -> C:\Users\Owner\Documents\George Brown\Game Production\BombsAwayRepo\BombsAway\bin\Debug\Template.exe
